<?xml version="1.0" encoding="UTF-8"?>
<coverage generated="1691763111604" clover="3.2.0">
  <project timestamp="1691763111604" name="All files">
    <metrics statements="285" coveredstatements="87" conditionals="39" coveredconditionals="11" methods="40" coveredmethods="15" elements="364" coveredelements="113" complexity="0" loc="285" ncloc="285" packages="19" files="38" classes="38"/>
    <package name="src">
      <metrics statements="41" coveredstatements="0" conditionals="1" coveredconditionals="0" methods="2" coveredmethods="0"/>
      <file name="routes.ts" path="C:\Users\danilo.brodrigues\Desktop\ecommerce-api\src\routes.ts">
        <metrics statements="27" coveredstatements="0" conditionals="0" coveredconditionals="0" methods="0" coveredmethods="0"/>
        <line num="1" count="0" type="stmt"/>
        <line num="2" count="0" type="stmt"/>
        <line num="3" count="0" type="stmt"/>
        <line num="5" count="0" type="stmt"/>
        <line num="6" count="0" type="stmt"/>
        <line num="7" count="0" type="stmt"/>
        <line num="9" count="0" type="stmt"/>
        <line num="10" count="0" type="stmt"/>
        <line num="11" count="0" type="stmt"/>
        <line num="12" count="0" type="stmt"/>
        <line num="14" count="0" type="stmt"/>
        <line num="16" count="0" type="stmt"/>
        <line num="17" count="0" type="stmt"/>
        <line num="18" count="0" type="stmt"/>
        <line num="20" count="0" type="stmt"/>
        <line num="21" count="0" type="stmt"/>
        <line num="23" count="0" type="stmt"/>
        <line num="24" count="0" type="stmt"/>
        <line num="27" count="0" type="stmt"/>
        <line num="28" count="0" type="stmt"/>
        <line num="29" count="0" type="stmt"/>
        <line num="32" count="0" type="stmt"/>
        <line num="35" count="0" type="stmt"/>
        <line num="38" count="0" type="stmt"/>
        <line num="39" count="0" type="stmt"/>
        <line num="40" count="0" type="stmt"/>
        <line num="42" count="0" type="stmt"/>
      </file>
      <file name="server.ts" path="C:\Users\danilo.brodrigues\Desktop\ecommerce-api\src\server.ts">
        <metrics statements="14" coveredstatements="0" conditionals="1" coveredconditionals="0" methods="2" coveredmethods="0"/>
        <line num="1" count="0" type="stmt"/>
        <line num="2" count="0" type="stmt"/>
        <line num="3" count="0" type="stmt"/>
        <line num="5" count="0" type="stmt"/>
        <line num="7" count="0" type="stmt"/>
        <line num="8" count="0" type="stmt"/>
        <line num="9" count="0" type="stmt"/>
        <line num="11" count="0" type="stmt"/>
        <line num="13" count="0" type="stmt"/>
        <line num="14" count="0" type="cond" truecount="0" falsecount="1"/>
        <line num="16" count="0" type="stmt"/>
        <line num="20" count="0" type="stmt"/>
        <line num="26" count="0" type="stmt"/>
        <line num="27" count="0" type="stmt"/>
      </file>
    </package>
    <package name="src.@types.express">
      <metrics statements="0" coveredstatements="0" conditionals="0" coveredconditionals="0" methods="0" coveredmethods="0"/>
      <file name="express.d.ts" path="C:\Users\danilo.brodrigues\Desktop\ecommerce-api\src\@types\express\express.d.ts">
        <metrics statements="0" coveredstatements="0" conditionals="0" coveredconditionals="0" methods="0" coveredmethods="0"/>
      </file>
    </package>
    <package name="src.config">
      <metrics statements="27" coveredstatements="0" conditionals="6" coveredconditionals="0" methods="6" coveredmethods="0"/>
      <file name="getDestinationFolder.ts" path="C:\Users\danilo.brodrigues\Desktop\ecommerce-api\src\config\getDestinationFolder.ts">
        <metrics statements="9" coveredstatements="0" conditionals="2" coveredconditionals="0" methods="1" coveredmethods="0"/>
        <line num="1" count="0" type="stmt"/>
        <line num="2" count="0" type="stmt"/>
        <line num="4" count="0" type="stmt"/>
        <line num="5" count="0" type="cond" truecount="0" falsecount="1"/>
        <line num="6" count="0" type="stmt"/>
        <line num="9" count="0" type="stmt"/>
        <line num="16" count="0" type="cond" truecount="0" falsecount="1"/>
        <line num="17" count="0" type="stmt"/>
        <line num="20" count="0" type="stmt"/>
      </file>
      <file name="multer.ts" path="C:\Users\danilo.brodrigues\Desktop\ecommerce-api\src\config\multer.ts">
        <metrics statements="18" coveredstatements="0" conditionals="4" coveredconditionals="0" methods="5" coveredmethods="0"/>
        <line num="1" count="0" type="stmt"/>
        <line num="3" count="0" type="stmt"/>
        <line num="5" count="0" type="stmt"/>
        <line num="6" count="0" type="stmt"/>
        <line num="8" count="0" type="stmt"/>
        <line num="10" count="0" type="stmt"/>
        <line num="12" count="0" type="stmt"/>
        <line num="13" count="0" type="stmt"/>
        <line num="14" count="0" type="stmt"/>
        <line num="16" count="0" type="stmt"/>
        <line num="18" count="0" type="stmt"/>
        <line num="21" count="0" type="stmt"/>
        <line num="22" count="0" type="stmt"/>
        <line num="24" count="0" type="stmt"/>
        <line num="32" count="0" type="cond" truecount="0" falsecount="1"/>
        <line num="37" count="0" type="stmt"/>
        <line num="40" count="0" type="stmt"/>
        <line num="41" count="0" type="stmt"/>
      </file>
    </package>
    <package name="src.controllers.address">
      <metrics statements="6" coveredstatements="0" conditionals="0" coveredconditionals="0" methods="1" coveredmethods="0"/>
      <file name="CreateAddressController.ts" path="C:\Users\danilo.brodrigues\Desktop\ecommerce-api\src\controllers\address\CreateAddressController.ts">
        <metrics statements="6" coveredstatements="0" conditionals="0" coveredconditionals="0" methods="1" coveredmethods="0"/>
        <line num="2" count="0" type="stmt"/>
        <line num="5" count="0" type="stmt"/>
        <line num="7" count="0" type="stmt"/>
        <line num="9" count="0" type="stmt"/>
        <line num="10" count="0" type="stmt"/>
        <line num="12" count="0" type="stmt"/>
      </file>
    </package>
    <package name="src.controllers.cart">
      <metrics statements="31" coveredstatements="12" conditionals="2" coveredconditionals="0" methods="4" coveredmethods="2"/>
      <file name="AddItemController.ts" path="C:\Users\danilo.brodrigues\Desktop\ecommerce-api\src\controllers\cart\AddItemController.ts">
        <metrics statements="6" coveredstatements="6" conditionals="0" coveredconditionals="0" methods="1" coveredmethods="1"/>
        <line num="2" count="1" type="stmt"/>
        <line num="6" count="2" type="stmt"/>
        <line num="8" count="2" type="stmt"/>
        <line num="9" count="2" type="stmt"/>
        <line num="11" count="2" type="stmt"/>
        <line num="15" count="1" type="stmt"/>
      </file>
      <file name="DeleteCartController.ts" path="C:\Users\danilo.brodrigues\Desktop\ecommerce-api\src\controllers\cart\DeleteCartController.ts">
        <metrics statements="6" coveredstatements="6" conditionals="0" coveredconditionals="0" methods="1" coveredmethods="1"/>
        <line num="2" count="1" type="stmt"/>
        <line num="4" count="1" type="stmt"/>
        <line num="6" count="2" type="stmt"/>
        <line num="8" count="2" type="stmt"/>
        <line num="9" count="2" type="stmt"/>
        <line num="11" count="2" type="stmt"/>
      </file>
      <file name="DetailCartController.ts" path="C:\Users\danilo.brodrigues\Desktop\ecommerce-api\src\controllers\cart\DetailCartController.ts">
        <metrics statements="6" coveredstatements="0" conditionals="0" coveredconditionals="0" methods="1" coveredmethods="0"/>
        <line num="2" count="0" type="stmt"/>
        <line num="6" count="0" type="stmt"/>
        <line num="8" count="0" type="stmt"/>
        <line num="9" count="0" type="stmt"/>
        <line num="11" count="0" type="stmt"/>
        <line num="15" count="0" type="stmt"/>
      </file>
      <file name="RemoveItemController.ts" path="C:\Users\danilo.brodrigues\Desktop\ecommerce-api\src\controllers\cart\RemoveItemController.ts">
        <metrics statements="13" coveredstatements="0" conditionals="2" coveredconditionals="0" methods="1" coveredmethods="0"/>
        <line num="2" count="0" type="stmt"/>
        <line num="3" count="0" type="stmt"/>
        <line num="7" count="0" type="stmt"/>
        <line num="8" count="0" type="cond" truecount="0" falsecount="1"/>
        <line num="10" count="0" type="stmt"/>
        <line num="11" count="0" type="stmt"/>
        <line num="13" count="0" type="stmt"/>
        <line num="14" count="0" type="stmt"/>
        <line num="15" count="0" type="stmt"/>
        <line num="17" count="0" type="cond" truecount="0" falsecount="1"/>
        <line num="18" count="0" type="stmt"/>
        <line num="20" count="0" type="stmt"/>
        <line num="24" count="0" type="stmt"/>
      </file>
    </package>
    <package name="src.controllers.category">
      <metrics statements="12" coveredstatements="7" conditionals="1" coveredconditionals="1" methods="2" coveredmethods="1"/>
      <file name="CreateCategoryController.ts" path="C:\Users\danilo.brodrigues\Desktop\ecommerce-api\src\controllers\category\CreateCategoryController.ts">
        <metrics statements="7" coveredstatements="7" conditionals="1" coveredconditionals="1" methods="1" coveredmethods="1"/>
        <line num="2" count="1" type="stmt"/>
        <line num="7" count="3" type="stmt"/>
        <line num="8" count="3" type="cond" truecount="1" falsecount="0"/>
        <line num="10" count="2" type="stmt"/>
        <line num="11" count="2" type="stmt"/>
        <line num="13" count="2" type="stmt"/>
        <line num="17" count="1" type="stmt"/>
      </file>
      <file name="ListCategoryController.ts" path="C:\Users\danilo.brodrigues\Desktop\ecommerce-api\src\controllers\category\ListCategoryController.ts">
        <metrics statements="5" coveredstatements="0" conditionals="0" coveredconditionals="0" methods="1" coveredmethods="0"/>
        <line num="2" count="0" type="stmt"/>
        <line num="6" count="0" type="stmt"/>
        <line num="7" count="0" type="stmt"/>
        <line num="9" count="0" type="stmt"/>
        <line num="13" count="0" type="stmt"/>
      </file>
    </package>
    <package name="src.controllers.product">
      <metrics statements="13" coveredstatements="7" conditionals="1" coveredconditionals="1" methods="2" coveredmethods="1"/>
      <file name="CreateProductController.ts" path="C:\Users\danilo.brodrigues\Desktop\ecommerce-api\src\controllers\product\CreateProductController.ts">
        <metrics statements="7" coveredstatements="7" conditionals="1" coveredconditionals="1" methods="1" coveredmethods="1"/>
        <line num="2" count="1" type="stmt"/>
        <line num="6" count="3" type="cond" truecount="1" falsecount="0"/>
        <line num="7" count="2" type="stmt"/>
        <line num="9" count="2" type="stmt"/>
        <line num="10" count="2" type="stmt"/>
        <line num="12" count="2" type="stmt"/>
        <line num="16" count="1" type="stmt"/>
      </file>
      <file name="ListByCategoryController.ts" path="C:\Users\danilo.brodrigues\Desktop\ecommerce-api\src\controllers\product\ListByCategoryController.ts">
        <metrics statements="6" coveredstatements="0" conditionals="0" coveredconditionals="0" methods="1" coveredmethods="0"/>
        <line num="2" count="0" type="stmt"/>
        <line num="6" count="0" type="stmt"/>
        <line num="8" count="0" type="stmt"/>
        <line num="9" count="0" type="stmt"/>
        <line num="11" count="0" type="stmt"/>
        <line num="15" count="0" type="stmt"/>
      </file>
    </package>
    <package name="src.controllers.user">
      <metrics statements="14" coveredstatements="6" conditionals="0" coveredconditionals="0" methods="2" coveredmethods="1"/>
      <file name="AuthUserController.ts" path="C:\Users\danilo.brodrigues\Desktop\ecommerce-api\src\controllers\user\AuthUserController.ts">
        <metrics statements="6" coveredstatements="6" conditionals="0" coveredconditionals="0" methods="1" coveredmethods="1"/>
        <line num="2" count="1" type="stmt"/>
        <line num="8" count="1" type="stmt"/>
        <line num="10" count="3" type="stmt"/>
        <line num="12" count="3" type="stmt"/>
        <line num="13" count="3" type="stmt"/>
        <line num="15" count="3" type="stmt"/>
      </file>
      <file name="CreateUserController.ts" path="C:\Users\danilo.brodrigues\Desktop\ecommerce-api\src\controllers\user\CreateUserController.ts">
        <metrics statements="8" coveredstatements="0" conditionals="0" coveredconditionals="0" methods="1" coveredmethods="0"/>
        <line num="2" count="0" type="stmt"/>
        <line num="3" count="0" type="stmt"/>
        <line num="6" count="0" type="stmt"/>
        <line num="8" count="0" type="stmt"/>
        <line num="10" count="0" type="stmt"/>
        <line num="12" count="0" type="stmt"/>
        <line num="13" count="0" type="stmt"/>
        <line num="15" count="0" type="stmt"/>
      </file>
    </package>
    <package name="src.middlewares">
      <metrics statements="7" coveredstatements="0" conditionals="5" coveredconditionals="0" methods="1" coveredmethods="0"/>
      <file name="getImagesFolderName.ts" path="C:\Users\danilo.brodrigues\Desktop\ecommerce-api\src\middlewares\getImagesFolderName.ts">
        <metrics statements="7" coveredstatements="0" conditionals="5" coveredconditionals="0" methods="1" coveredmethods="0"/>
        <line num="1" count="0" type="stmt"/>
        <line num="3" count="0" type="stmt"/>
        <line num="4" count="0" type="stmt"/>
        <line num="5" count="0" type="stmt"/>
        <line num="11" count="0" type="cond" truecount="0" falsecount="1"/>
        <line num="12" count="0" type="cond" truecount="0" falsecount="4"/>
        <line num="15" count="0" type="stmt"/>
      </file>
    </package>
    <package name="src.middlewares.auth">
      <metrics statements="12" coveredstatements="0" conditionals="2" coveredconditionals="0" methods="1" coveredmethods="0"/>
      <file name="isAuthenticated.ts" path="C:\Users\danilo.brodrigues\Desktop\ecommerce-api\src\middlewares\auth\isAuthenticated.ts">
        <metrics statements="12" coveredstatements="0" conditionals="2" coveredconditionals="0" methods="1" coveredmethods="0"/>
        <line num="2" count="0" type="stmt"/>
        <line num="8" count="0" type="stmt"/>
        <line num="9" count="0" type="stmt"/>
        <line num="10" count="0" type="cond" truecount="0" falsecount="1"/>
        <line num="13" count="0" type="stmt"/>
        <line num="14" count="0" type="cond" truecount="0" falsecount="1"/>
        <line num="16" count="0" type="stmt"/>
        <line num="18" count="0" type="stmt"/>
        <line num="20" count="0" type="stmt"/>
        <line num="21" count="0" type="stmt"/>
        <line num="23" count="0" type="stmt"/>
        <line num="25" count="0" type="stmt"/>
      </file>
    </package>
    <package name="src.middlewares.auth.validation">
      <metrics statements="14" coveredstatements="11" conditionals="4" coveredconditionals="4" methods="1" coveredmethods="1"/>
      <file name="validateUserAuthentication.ts" path="C:\Users\danilo.brodrigues\Desktop\ecommerce-api\src\middlewares\auth\validation\validateUserAuthentication.ts">
        <metrics statements="14" coveredstatements="11" conditionals="4" coveredconditionals="4" methods="1" coveredmethods="1"/>
        <line num="2" count="1" type="stmt"/>
        <line num="3" count="1" type="stmt"/>
        <line num="5" count="1" type="stmt"/>
        <line num="7" count="6" type="stmt"/>
        <line num="8" count="6" type="cond" truecount="1" falsecount="0"/>
        <line num="9" count="5" type="cond" truecount="1" falsecount="0"/>
        <line num="11" count="4" type="stmt"/>
        <line num="12" count="4" type="stmt"/>
        <line num="13" count="4" type="cond" truecount="1" falsecount="0"/>
        <line num="15" count="2" type="stmt"/>
        <line num="16" count="2" type="cond" truecount="1" falsecount="0"/>
        <line num="18" count="0" type="stmt"/>
        <line num="19" count="0" type="stmt"/>
        <line num="20" count="0" type="stmt"/>
      </file>
    </package>
    <package name="src.middlewares.crud.validation">
      <metrics statements="29" coveredstatements="11" conditionals="9" coveredconditionals="4" methods="2" coveredmethods="1"/>
      <file name="CheckUserCart.ts" path="C:\Users\danilo.brodrigues\Desktop\ecommerce-api\src\middlewares\crud\validation\CheckUserCart.ts">
        <metrics statements="11" coveredstatements="11" conditionals="5" coveredconditionals="4" methods="1" coveredmethods="1"/>
        <line num="2" count="1" type="stmt"/>
        <line num="3" count="1" type="stmt"/>
        <line num="5" count="1" type="stmt"/>
        <line num="7" count="1" type="stmt"/>
        <line num="10" count="1" type="stmt"/>
        <line num="12" count="1" type="cond" truecount="3" falsecount="1"/>
        <line num="14" count="1" type="cond" truecount="1" falsecount="0"/>
        <line num="15" count="1" type="stmt"/>
        <line num="16" count="1" type="stmt"/>
        <line num="19" count="1" type="stmt"/>
        <line num="20" count="1" type="stmt"/>
      </file>
      <file name="validateRegister.ts" path="C:\Users\danilo.brodrigues\Desktop\ecommerce-api\src\middlewares\crud\validation\validateRegister.ts">
        <metrics statements="18" coveredstatements="0" conditionals="4" coveredconditionals="0" methods="1" coveredmethods="0"/>
        <line num="2" count="0" type="stmt"/>
        <line num="3" count="0" type="stmt"/>
        <line num="4" count="0" type="stmt"/>
        <line num="6" count="0" type="stmt"/>
        <line num="8" count="0" type="stmt"/>
        <line num="11" count="0" type="stmt"/>
        <line num="12" count="0" type="stmt"/>
        <line num="13" count="0" type="stmt"/>
        <line num="16" count="0" type="stmt"/>
        <line num="18" count="0" type="cond" truecount="0" falsecount="1"/>
        <line num="19" count="0" type="stmt"/>
        <line num="22" count="0" type="cond" truecount="0" falsecount="1"/>
        <line num="23" count="0" type="stmt"/>
        <line num="26" count="0" type="cond" truecount="0" falsecount="1"/>
        <line num="27" count="0" type="stmt"/>
        <line num="30" count="0" type="cond" truecount="0" falsecount="1"/>
        <line num="31" count="0" type="stmt"/>
        <line num="34" count="0" type="stmt"/>
      </file>
    </package>
    <package name="src.middlewares.fields">
      <metrics statements="21" coveredstatements="0" conditionals="7" coveredconditionals="0" methods="3" coveredmethods="0"/>
      <file name="emailValidator.ts" path="C:\Users\danilo.brodrigues\Desktop\ecommerce-api\src\middlewares\fields\emailValidator.ts">
        <metrics statements="9" coveredstatements="0" conditionals="3" coveredconditionals="0" methods="1" coveredmethods="0"/>
        <line num="1" count="0" type="stmt"/>
        <line num="3" count="0" type="stmt"/>
        <line num="9" count="0" type="stmt"/>
        <line num="12" count="0" type="cond" truecount="0" falsecount="1"/>
        <line num="14" count="0" type="cond" truecount="0" falsecount="1"/>
        <line num="16" count="0" type="stmt"/>
        <line num="17" count="0" type="stmt"/>
        <line num="18" count="0" type="cond" truecount="0" falsecount="1"/>
        <line num="20" count="0" type="stmt"/>
      </file>
      <file name="nameValidator.ts" path="C:\Users\danilo.brodrigues\Desktop\ecommerce-api\src\middlewares\fields\nameValidator.ts">
        <metrics statements="6" coveredstatements="0" conditionals="2" coveredconditionals="0" methods="1" coveredmethods="0"/>
        <line num="3" count="0" type="stmt"/>
        <line num="5" count="0" type="cond" truecount="0" falsecount="1"/>
        <line num="6" count="0" type="stmt"/>
        <line num="8" count="0" type="cond" truecount="0" falsecount="1"/>
        <line num="9" count="0" type="stmt"/>
        <line num="11" count="0" type="stmt"/>
      </file>
      <file name="passwordValidator.ts" path="C:\Users\danilo.brodrigues\Desktop\ecommerce-api\src\middlewares\fields\passwordValidator.ts">
        <metrics statements="6" coveredstatements="0" conditionals="2" coveredconditionals="0" methods="1" coveredmethods="0"/>
        <line num="3" count="0" type="stmt"/>
        <line num="5" count="0" type="cond" truecount="0" falsecount="1"/>
        <line num="6" count="0" type="stmt"/>
        <line num="8" count="0" type="cond" truecount="0" falsecount="1"/>
        <line num="9" count="0" type="stmt"/>
        <line num="11" count="0" type="stmt"/>
      </file>
    </package>
    <package name="src.prisma">
      <metrics statements="3" coveredstatements="0" conditionals="0" coveredconditionals="0" methods="0" coveredmethods="0"/>
      <file name="index.ts" path="C:\Users\danilo.brodrigues\Desktop\ecommerce-api\src\prisma\index.ts">
        <metrics statements="3" coveredstatements="0" conditionals="0" coveredconditionals="0" methods="0" coveredmethods="0"/>
        <line num="1" count="0" type="stmt"/>
        <line num="3" count="0" type="stmt"/>
        <line num="5" count="0" type="stmt"/>
      </file>
    </package>
    <package name="src.services.address">
      <metrics statements="4" coveredstatements="0" conditionals="0" coveredconditionals="0" methods="1" coveredmethods="0"/>
      <file name="CreateAddressService.ts" path="C:\Users\danilo.brodrigues\Desktop\ecommerce-api\src\services\address\CreateAddressService.ts">
        <metrics statements="4" coveredstatements="0" conditionals="0" coveredconditionals="0" methods="1" coveredmethods="0"/>
        <line num="3" count="0" type="stmt"/>
        <line num="16" count="0" type="stmt"/>
        <line num="18" count="0" type="stmt"/>
        <line num="20" count="0" type="stmt"/>
      </file>
    </package>
    <package name="src.services.cart">
      <metrics statements="20" coveredstatements="12" conditionals="0" coveredconditionals="0" methods="5" coveredmethods="3"/>
      <file name="AddItemService.ts" path="C:\Users\danilo.brodrigues\Desktop\ecommerce-api\src\services\cart\AddItemService.ts">
        <metrics statements="4" coveredstatements="4" conditionals="0" coveredconditionals="0" methods="1" coveredmethods="1"/>
        <line num="3" count="1" type="stmt"/>
        <line num="13" count="2" type="stmt"/>
        <line num="15" count="2" type="stmt"/>
        <line num="19" count="1" type="stmt"/>
      </file>
      <file name="CreateCartService.ts" path="C:\Users\danilo.brodrigues\Desktop\ecommerce-api\src\services\cart\CreateCartService.ts">
        <metrics statements="4" coveredstatements="4" conditionals="0" coveredconditionals="0" methods="1" coveredmethods="1"/>
        <line num="1" count="1" type="stmt"/>
        <line num="11" count="1" type="stmt"/>
        <line num="13" count="1" type="stmt"/>
        <line num="17" count="1" type="stmt"/>
      </file>
      <file name="DeleteCartService.ts" path="C:\Users\danilo.brodrigues\Desktop\ecommerce-api\src\services\cart\DeleteCartService.ts">
        <metrics statements="4" coveredstatements="4" conditionals="0" coveredconditionals="0" methods="1" coveredmethods="1"/>
        <line num="3" count="1" type="stmt"/>
        <line num="11" count="2" type="stmt"/>
        <line num="13" count="2" type="stmt"/>
        <line num="17" count="1" type="stmt"/>
      </file>
      <file name="DetailCartService.ts" path="C:\Users\danilo.brodrigues\Desktop\ecommerce-api\src\services\cart\DetailCartService.ts">
        <metrics statements="4" coveredstatements="0" conditionals="0" coveredconditionals="0" methods="1" coveredmethods="0"/>
        <line num="1" count="0" type="stmt"/>
        <line num="9" count="0" type="stmt"/>
        <line num="11" count="0" type="stmt"/>
        <line num="15" count="0" type="stmt"/>
      </file>
      <file name="RemoveItemService.ts" path="C:\Users\danilo.brodrigues\Desktop\ecommerce-api\src\services\cart\RemoveItemService.ts">
        <metrics statements="4" coveredstatements="0" conditionals="0" coveredconditionals="0" methods="1" coveredmethods="0"/>
        <line num="1" count="0" type="stmt"/>
        <line num="9" count="0" type="stmt"/>
        <line num="11" count="0" type="stmt"/>
        <line num="15" count="0" type="stmt"/>
      </file>
    </package>
    <package name="src.services.category">
      <metrics statements="8" coveredstatements="4" conditionals="0" coveredconditionals="0" methods="2" coveredmethods="1"/>
      <file name="CreateCategoryService.ts" path="C:\Users\danilo.brodrigues\Desktop\ecommerce-api\src\services\category\CreateCategoryService.ts">
        <metrics statements="4" coveredstatements="4" conditionals="0" coveredconditionals="0" methods="1" coveredmethods="1"/>
        <line num="2" count="1" type="stmt"/>
        <line num="10" count="2" type="stmt"/>
        <line num="12" count="2" type="stmt"/>
        <line num="15" count="1" type="stmt"/>
      </file>
      <file name="ListCategoryService.ts" path="C:\Users\danilo.brodrigues\Desktop\ecommerce-api\src\services\category\ListCategoryService.ts">
        <metrics statements="4" coveredstatements="0" conditionals="0" coveredconditionals="0" methods="1" coveredmethods="0"/>
        <line num="1" count="0" type="stmt"/>
        <line num="5" count="0" type="stmt"/>
        <line num="7" count="0" type="stmt"/>
        <line num="11" count="0" type="stmt"/>
      </file>
    </package>
    <package name="src.services.product">
      <metrics statements="8" coveredstatements="4" conditionals="0" coveredconditionals="0" methods="2" coveredmethods="1"/>
      <file name="CreateProductService.ts" path="C:\Users\danilo.brodrigues\Desktop\ecommerce-api\src\services\product\CreateProductService.ts">
        <metrics statements="4" coveredstatements="4" conditionals="0" coveredconditionals="0" methods="1" coveredmethods="1"/>
        <line num="3" count="1" type="stmt"/>
        <line num="7" count="2" type="stmt"/>
        <line num="9" count="2" type="stmt"/>
        <line num="13" count="1" type="stmt"/>
      </file>
      <file name="ListByCategoryService.ts" path="C:\Users\danilo.brodrigues\Desktop\ecommerce-api\src\services\product\ListByCategoryService.ts">
        <metrics statements="4" coveredstatements="0" conditionals="0" coveredconditionals="0" methods="1" coveredmethods="0"/>
        <line num="1" count="0" type="stmt"/>
        <line num="9" count="0" type="stmt"/>
        <line num="11" count="0" type="stmt"/>
        <line num="15" count="0" type="stmt"/>
      </file>
    </package>
    <package name="src.services.user">
      <metrics statements="15" coveredstatements="13" conditionals="1" coveredconditionals="1" methods="3" coveredmethods="3"/>
      <file name="AuthUserService.ts" path="C:\Users\danilo.brodrigues\Desktop\ecommerce-api\src\services\user\AuthUserService.ts">
        <metrics statements="7" coveredstatements="5" conditionals="1" coveredconditionals="1" methods="1" coveredmethods="1"/>
        <line num="1" count="1" type="stmt"/>
        <line num="17" count="1" type="stmt"/>
        <line num="19" count="3" type="stmt"/>
        <line num="20" count="3" type="stmt"/>
        <line num="21" count="3" type="cond" truecount="1" falsecount="0"/>
        <line num="24" count="0" type="stmt"/>
        <line num="26" count="0" type="stmt"/>
      </file>
      <file name="CreateUserService.ts" path="C:\Users\danilo.brodrigues\Desktop\ecommerce-api\src\services\user\CreateUserService.ts">
        <metrics statements="4" coveredstatements="4" conditionals="0" coveredconditionals="0" methods="1" coveredmethods="1"/>
        <line num="1" count="1" type="stmt"/>
        <line num="16" count="1" type="stmt"/>
        <line num="18" count="3" type="stmt"/>
        <line num="23" count="3" type="stmt"/>
      </file>
      <file name="QueryUserService.ts" path="C:\Users\danilo.brodrigues\Desktop\ecommerce-api\src\services\user\QueryUserService.ts">
        <metrics statements="4" coveredstatements="4" conditionals="0" coveredconditionals="0" methods="1" coveredmethods="1"/>
        <line num="3" count="1" type="stmt"/>
        <line num="9" count="1" type="stmt"/>
        <line num="11" count="4" type="stmt"/>
        <line num="13" count="4" type="stmt"/>
      </file>
    </package>
  </project>
</coverage>
