{"C:\\Users\\danilo.brodrigues\\Desktop\\ecommerce-api\\src\\routes.ts": {"path":"C:\\Users\\danilo.brodrigues\\Desktop\\ecommerce-api\\src\\routes.ts","statementMap":{"0":{"start":{"line":1,"column":0},"end":{"line":1,"column":28}},"1":{"start":{"line":2,"column":0},"end":{"line":2,"column":43}},"2":{"start":{"line":3,"column":0},"end":{"line":3,"column":33}},"3":{"start":{"line":5,"column":0},"end":{"line":5,"column":86}},"4":{"start":{"line":6,"column":0},"end":{"line":6,"column":102}},"5":{"start":{"line":7,"column":0},"end":{"line":7,"column":69}},"6":{"start":{"line":9,"column":0},"end":{"line":9,"column":79}},"7":{"start":{"line":10,"column":0},"end":{"line":10,"column":88}},"8":{"start":{"line":11,"column":0},"end":{"line":11,"column":91}},"9":{"start":{"line":12,"column":0},"end":{"line":12,"column":88}},"10":{"start":{"line":14,"column":0},"end":{"line":14,"column":73}},"11":{"start":{"line":16,"column":0},"end":{"line":16,"column":75}},"12":{"start":{"line":17,"column":0},"end":{"line":17,"column":76}},"13":{"start":{"line":18,"column":0},"end":{"line":18,"column":79}},"14":{"start":{"line":20,"column":0},"end":{"line":20,"column":79}},"15":{"start":{"line":21,"column":0},"end":{"line":21,"column":79}},"16":{"start":{"line":23,"column":15},"end":{"line":23,"column":23}},"17":{"start":{"line":42,"column":9},"end":{"line":42,"column":15}},"18":{"start":{"line":24,"column":15},"end":{"line":24,"column":51}},"19":{"start":{"line":27,"column":0},"end":{"line":27,"column":97}},"20":{"start":{"line":28,"column":0},"end":{"line":28,"column":104}},"21":{"start":{"line":29,"column":0},"end":{"line":29,"column":79}},"22":{"start":{"line":32,"column":0},"end":{"line":32,"column":81}},"23":{"start":{"line":35,"column":0},"end":{"line":35,"column":102}},"24":{"start":{"line":38,"column":0},"end":{"line":38,"column":98}},"25":{"start":{"line":39,"column":0},"end":{"line":39,"column":117}},"26":{"start":{"line":40,"column":0},"end":{"line":40,"column":77}}},"fnMap":{},"branchMap":{},"s":{"0":0,"1":0,"2":0,"3":0,"4":0,"5":0,"6":0,"7":0,"8":0,"9":0,"10":0,"11":0,"12":0,"13":0,"14":0,"15":0,"16":0,"17":0,"18":0,"19":0,"20":0,"21":0,"22":0,"23":0,"24":0,"25":0,"26":0},"f":{},"b":{}}
,"C:\\Users\\danilo.brodrigues\\Desktop\\ecommerce-api\\src\\server.ts": {"path":"C:\\Users\\danilo.brodrigues\\Desktop\\ecommerce-api\\src\\server.ts","statementMap":{"0":{"start":{"line":1,"column":0},"end":{"line":1,"column":53}},"1":{"start":{"line":2,"column":0},"end":{"line":2,"column":30}},"2":{"start":{"line":3,"column":0},"end":{"line":3,"column":24}},"3":{"start":{"line":5,"column":0},"end":{"line":5,"column":34}},"4":{"start":{"line":7,"column":12},"end":{"line":7,"column":21}},"5":{"start":{"line":8,"column":0},"end":{"line":8,"column":24}},"6":{"start":{"line":9,"column":0},"end":{"line":9,"column":16}},"7":{"start":{"line":11,"column":0},"end":{"line":11,"column":16}},"8":{"start":{"line":13,"column":0},"end":{"line":24,"column":3}},"9":{"start":{"line":14,"column":2},"end":{"line":19,"column":null}},"10":{"start":{"line":16,"column":4},"end":{"line":18,"column":7}},"11":{"start":{"line":20,"column":2},"end":{"line":23,"column":5}},"12":{"start":{"line":26,"column":0},"end":{"line":28,"column":3}},"13":{"start":{"line":27,"column":2},"end":{"line":27,"column":33}}},"fnMap":{"0":{"name":"(anonymous_1)","decl":{"start":{"line":13,"column":8},"end":{"line":13,"column":9}},"loc":{"start":{"line":13,"column":52},"end":{"line":24,"column":1}}},"1":{"name":"(anonymous_2)","decl":{"start":{"line":26,"column":17},"end":{"line":26,"column":20}},"loc":{"start":{"line":26,"column":22},"end":{"line":28,"column":1}}}},"branchMap":{"0":{"loc":{"start":{"line":14,"column":2},"end":{"line":19,"column":null}},"type":"if","locations":[{"start":{"line":14,"column":2},"end":{"line":19,"column":null}}]}},"s":{"0":0,"1":0,"2":0,"3":0,"4":0,"5":0,"6":0,"7":0,"8":0,"9":0,"10":0,"11":0,"12":0,"13":0},"f":{"0":0,"1":0},"b":{"0":[0]}}
,"C:\\Users\\danilo.brodrigues\\Desktop\\ecommerce-api\\src\\@types\\express\\express.d.ts": {"path":"C:\\Users\\danilo.brodrigues\\Desktop\\ecommerce-api\\src\\@types\\express\\express.d.ts","statementMap":{},"fnMap":{},"branchMap":{},"s":{},"f":{},"b":{}}
,"C:\\Users\\danilo.brodrigues\\Desktop\\ecommerce-api\\src\\config\\getDestinationFolder.ts": {"path":"C:\\Users\\danilo.brodrigues\\Desktop\\ecommerce-api\\src\\config\\getDestinationFolder.ts","statementMap":{"0":{"start":{"line":1,"column":0},"end":{"line":1,"column":31}},"1":{"start":{"line":2,"column":0},"end":{"line":2,"column":20}},"2":{"start":{"line":5,"column":2},"end":{"line":7,"column":null}},"3":{"start":{"line":6,"column":4},"end":{"line":6,"column":25}},"4":{"start":{"line":9,"column":22},"end":{"line":13,"column":null}},"5":{"start":{"line":16,"column":2},"end":{"line":18,"column":null}},"6":{"start":{"line":17,"column":4},"end":{"line":17,"column":30}},"7":{"start":{"line":20,"column":2},"end":{"line":20,"column":21}},"8":{"start":{"line":4,"column":0},"end":{"line":4,"column":16}}},"fnMap":{"0":{"name":"getDestinationFolder","decl":{"start":{"line":4,"column":16},"end":{"line":4,"column":36}},"loc":{"start":{"line":4,"column":71},"end":{"line":21,"column":1}}}},"branchMap":{"0":{"loc":{"start":{"line":5,"column":2},"end":{"line":7,"column":null}},"type":"if","locations":[{"start":{"line":5,"column":2},"end":{"line":7,"column":null}}]},"1":{"loc":{"start":{"line":16,"column":2},"end":{"line":18,"column":null}},"type":"if","locations":[{"start":{"line":16,"column":2},"end":{"line":18,"column":null}}]}},"s":{"0":0,"1":0,"2":0,"3":0,"4":0,"5":0,"6":0,"7":0,"8":0},"f":{"0":0},"b":{"0":[0],"1":[0]}}
,"C:\\Users\\danilo.brodrigues\\Desktop\\ecommerce-api\\src\\config\\multer.ts": {"path":"C:\\Users\\danilo.brodrigues\\Desktop\\ecommerce-api\\src\\config\\multer.ts","statementMap":{"0":{"start":{"line":1,"column":0},"end":{"line":1,"column":28}},"1":{"start":{"line":3,"column":0},"end":{"line":3,"column":52}},"2":{"start":{"line":5,"column":0},"end":{"line":5,"column":67}},"3":{"start":{"line":6,"column":0},"end":{"line":6,"column":62}},"4":{"start":{"line":8,"column":0},"end":{"line":45,"column":2}},"5":{"start":{"line":10,"column":4},"end":{"line":43,"column":6}},"6":{"start":{"line":12,"column":51},"end":{"line":19,"column":null}},"7":{"start":{"line":13,"column":34},"end":{"line":13,"column":42}},"8":{"start":{"line":14,"column":29},"end":{"line":14,"column":61}},"9":{"start":{"line":16,"column":30},"end":{"line":16,"column":70}},"10":{"start":{"line":18,"column":10},"end":{"line":18,"column":38}},"11":{"start":{"line":21,"column":27},"end":{"line":21,"column":65}},"12":{"start":{"line":22,"column":27},"end":{"line":22,"column":61}},"13":{"start":{"line":24,"column":10},"end":{"line":24,"column":42}},"14":{"start":{"line":32,"column":8},"end":{"line":38,"column":null}},"15":{"start":{"line":37,"column":10},"end":{"line":37,"column":38}},"16":{"start":{"line":40,"column":8},"end":{"line":40,"column":30}},"17":{"start":{"line":41,"column":8},"end":{"line":41,"column":80}}},"fnMap":{"0":{"name":"(anonymous_8)","decl":{"start":{"line":9,"column":2},"end":{"line":9,"column":8}},"loc":{"start":{"line":9,"column":23},"end":{"line":44,"column":3}}},"1":{"name":"(anonymous_9)","decl":{"start":{"line":12,"column":21},"end":{"line":12,"column":28}},"loc":{"start":{"line":12,"column":51},"end":{"line":19,"column":null}}},"2":{"name":"(anonymous_10)","decl":{"start":{"line":12,"column":51},"end":{"line":12,"column":null}},"loc":{"start":{"line":12,"column":51},"end":{"line":19,"column":9}}},"3":{"name":"(anonymous_11)","decl":{"start":{"line":20,"column":18},"end":{"line":20,"column":19}},"loc":{"start":{"line":20,"column":42},"end":{"line":25,"column":9}}},"4":{"name":"(anonymous_12)","decl":{"start":{"line":27,"column":18},"end":{"line":27,"column":null}},"loc":{"start":{"line":31,"column":10},"end":{"line":42,"column":7}}}},"branchMap":{"0":{"loc":{"start":{"line":32,"column":8},"end":{"line":38,"column":null}},"type":"if","locations":[{"start":{"line":32,"column":8},"end":{"line":38,"column":null}}]},"1":{"loc":{"start":{"line":33,"column":10},"end":{"line":35,"column":39}},"type":"binary-expr","locations":[{"start":{"line":33,"column":10},"end":{"line":33,"column":38}},{"start":{"line":34,"column":10},"end":{"line":34,"column":38}},{"start":{"line":35,"column":10},"end":{"line":35,"column":39}}]}},"s":{"0":0,"1":0,"2":0,"3":0,"4":0,"5":0,"6":0,"7":0,"8":0,"9":0,"10":0,"11":0,"12":0,"13":0,"14":0,"15":0,"16":0,"17":0},"f":{"0":0,"1":0,"2":0,"3":0,"4":0},"b":{"0":[0],"1":[0,0,0]}}
,"C:\\Users\\danilo.brodrigues\\Desktop\\ecommerce-api\\src\\controllers\\address\\CreateAddressController.ts": {"path":"C:\\Users\\danilo.brodrigues\\Desktop\\ecommerce-api\\src\\controllers\\address\\CreateAddressController.ts","statementMap":{"0":{"start":{"line":2,"column":0},"end":{"line":2,"column":83}},"1":{"start":{"line":7,"column":20},"end":{"line":7,"column":31}},"2":{"start":{"line":9,"column":36},"end":{"line":9,"column":62}},"3":{"start":{"line":10,"column":20},"end":{"line":10,"column":109}},"4":{"start":{"line":12,"column":4},"end":{"line":12,"column":29}},"5":{"start":{"line":5,"column":0},"end":{"line":5,"column":13}}},"fnMap":{"0":{"name":"(anonymous_7)","decl":{"start":{"line":6,"column":8},"end":{"line":6,"column":14}},"loc":{"start":{"line":6,"column":42},"end":{"line":13,"column":null}}}},"branchMap":{},"s":{"0":0,"1":0,"2":0,"3":0,"4":0,"5":0},"f":{"0":0},"b":{}}
,"C:\\Users\\danilo.brodrigues\\Desktop\\ecommerce-api\\src\\controllers\\cart\\AddItemController.ts": {"path":"C:\\Users\\danilo.brodrigues\\Desktop\\ecommerce-api\\src\\controllers\\cart\\AddItemController.ts","statementMap":{"0":{"start":{"line":2,"column":0},"end":{"line":2,"column":68}},"1":{"start":{"line":6,"column":44},"end":{"line":6,"column":52}},"2":{"start":{"line":8,"column":20},"end":{"line":8,"column":40}},"3":{"start":{"line":9,"column":17},"end":{"line":9,"column":70}},"4":{"start":{"line":11,"column":4},"end":{"line":11,"column":26}},"5":{"start":{"line":15,"column":9},"end":{"line":15,"column":26}}},"fnMap":{"0":{"name":"(anonymous_7)","decl":{"start":{"line":5,"column":8},"end":{"line":5,"column":11}},"loc":{"start":{"line":5,"column":39},"end":{"line":12,"column":null}}}},"branchMap":{},"s":{"0":1,"1":2,"2":2,"3":2,"4":2,"5":1},"f":{"0":2},"b":{}}
,"C:\\Users\\danilo.brodrigues\\Desktop\\ecommerce-api\\src\\controllers\\cart\\DeleteCartController.ts": {"path":"C:\\Users\\danilo.brodrigues\\Desktop\\ecommerce-api\\src\\controllers\\cart\\DeleteCartController.ts","statementMap":{"0":{"start":{"line":2,"column":0},"end":{"line":2,"column":74}},"1":{"start":{"line":6,"column":20},"end":{"line":6,"column":31}},"2":{"start":{"line":8,"column":30},"end":{"line":8,"column":53}},"3":{"start":{"line":9,"column":17},"end":{"line":9,"column":60}},"4":{"start":{"line":11,"column":4},"end":{"line":11,"column":26}},"5":{"start":{"line":4,"column":0},"end":{"line":4,"column":13}}},"fnMap":{"0":{"name":"(anonymous_7)","decl":{"start":{"line":5,"column":8},"end":{"line":5,"column":14}},"loc":{"start":{"line":5,"column":42},"end":{"line":12,"column":null}}}},"branchMap":{},"s":{"0":1,"1":2,"2":2,"3":2,"4":2,"5":1},"f":{"0":2},"b":{}}
,"C:\\Users\\danilo.brodrigues\\Desktop\\ecommerce-api\\src\\controllers\\cart\\DetailCartController.ts": {"path":"C:\\Users\\danilo.brodrigues\\Desktop\\ecommerce-api\\src\\controllers\\cart\\DetailCartController.ts","statementMap":{"0":{"start":{"line":2,"column":0},"end":{"line":2,"column":74}},"1":{"start":{"line":6,"column":20},"end":{"line":6,"column":47}},"2":{"start":{"line":8,"column":30},"end":{"line":8,"column":53}},"3":{"start":{"line":9,"column":17},"end":{"line":9,"column":61}},"4":{"start":{"line":11,"column":4},"end":{"line":11,"column":26}},"5":{"start":{"line":15,"column":9},"end":{"line":15,"column":29}}},"fnMap":{"0":{"name":"(anonymous_7)","decl":{"start":{"line":5,"column":8},"end":{"line":5,"column":12}},"loc":{"start":{"line":5,"column":40},"end":{"line":12,"column":null}}}},"branchMap":{},"s":{"0":0,"1":0,"2":0,"3":0,"4":0,"5":0},"f":{"0":0},"b":{}}
,"C:\\Users\\danilo.brodrigues\\Desktop\\ecommerce-api\\src\\controllers\\cart\\RemoveItemController.ts": {"path":"C:\\Users\\danilo.brodrigues\\Desktop\\ecommerce-api\\src\\controllers\\cart\\RemoveItemController.ts","statementMap":{"0":{"start":{"line":2,"column":0},"end":{"line":2,"column":74}},"1":{"start":{"line":3,"column":0},"end":{"line":3,"column":74}},"2":{"start":{"line":7,"column":20},"end":{"line":7,"column":47}},"3":{"start":{"line":8,"column":4},"end":{"line":8,"column":69}},"4":{"start":{"line":8,"column":18},"end":{"line":8,"column":69}},"5":{"start":{"line":10,"column":30},"end":{"line":10,"column":53}},"6":{"start":{"line":11,"column":17},"end":{"line":11,"column":61}},"7":{"start":{"line":13,"column":20},"end":{"line":13,"column":32}},"8":{"start":{"line":14,"column":30},"end":{"line":14,"column":53}},"9":{"start":{"line":15,"column":17},"end":{"line":15,"column":61}},"10":{"start":{"line":17,"column":4},"end":{"line":17,"column":47}},"11":{"start":{"line":17,"column":25},"end":{"line":17,"column":47}},"12":{"start":{"line":18,"column":4},"end":{"line":18,"column":37}},"13":{"start":{"line":20,"column":4},"end":{"line":20,"column":11}},"14":{"start":{"line":24,"column":9},"end":{"line":24,"column":29}}},"fnMap":{"0":{"name":"(anonymous_7)","decl":{"start":{"line":6,"column":8},"end":{"line":6,"column":14}},"loc":{"start":{"line":6,"column":62},"end":{"line":21,"column":null}}}},"branchMap":{"0":{"loc":{"start":{"line":8,"column":4},"end":{"line":8,"column":69}},"type":"if","locations":[{"start":{"line":8,"column":4},"end":{"line":8,"column":69}}]},"1":{"loc":{"start":{"line":17,"column":4},"end":{"line":17,"column":47}},"type":"if","locations":[{"start":{"line":17,"column":4},"end":{"line":17,"column":47}}]}},"s":{"0":0,"1":0,"2":0,"3":0,"4":0,"5":0,"6":0,"7":0,"8":0,"9":0,"10":0,"11":0,"12":0,"13":0,"14":0},"f":{"0":0},"b":{"0":[0],"1":[0]}}
,"C:\\Users\\danilo.brodrigues\\Desktop\\ecommerce-api\\src\\controllers\\category\\CreateCategoryController.ts": {"path":"C:\\Users\\danilo.brodrigues\\Desktop\\ecommerce-api\\src\\controllers\\category\\CreateCategoryController.ts","statementMap":{"0":{"start":{"line":2,"column":0},"end":{"line":2,"column":86}},"1":{"start":{"line":7,"column":21},"end":{"line":7,"column":29}},"2":{"start":{"line":8,"column":4},"end":{"line":8,"column":69}},"3":{"start":{"line":8,"column":15},"end":{"line":8,"column":69}},"4":{"start":{"line":10,"column":34},"end":{"line":10,"column":61}},"5":{"start":{"line":11,"column":21},"end":{"line":11,"column":65}},"6":{"start":{"line":13,"column":4},"end":{"line":13,"column":30}},"7":{"start":{"line":17,"column":9},"end":{"line":17,"column":33}}},"fnMap":{"0":{"name":"(anonymous_7)","decl":{"start":{"line":6,"column":8},"end":{"line":6,"column":14}},"loc":{"start":{"line":6,"column":42},"end":{"line":14,"column":null}}}},"branchMap":{"0":{"loc":{"start":{"line":8,"column":4},"end":{"line":8,"column":69}},"type":"if","locations":[{"start":{"line":8,"column":4},"end":{"line":8,"column":69}}]}},"s":{"0":1,"1":3,"2":3,"3":1,"4":2,"5":2,"6":2,"7":1},"f":{"0":3},"b":{"0":[1]}}
,"C:\\Users\\danilo.brodrigues\\Desktop\\ecommerce-api\\src\\controllers\\category\\ListCategoryController.ts": {"path":"C:\\Users\\danilo.brodrigues\\Desktop\\ecommerce-api\\src\\controllers\\category\\ListCategoryController.ts","statementMap":{"0":{"start":{"line":2,"column":0},"end":{"line":2,"column":82}},"1":{"start":{"line":6,"column":32},"end":{"line":6,"column":57}},"2":{"start":{"line":7,"column":21},"end":{"line":7,"column":56}},"3":{"start":{"line":9,"column":4},"end":{"line":9,"column":30}},"4":{"start":{"line":13,"column":9},"end":{"line":13,"column":31}}},"fnMap":{"0":{"name":"(anonymous_7)","decl":{"start":{"line":5,"column":8},"end":{"line":5,"column":14}},"loc":{"start":{"line":5,"column":42},"end":{"line":10,"column":null}}}},"branchMap":{},"s":{"0":0,"1":0,"2":0,"3":0,"4":0},"f":{"0":0},"b":{}}
,"C:\\Users\\danilo.brodrigues\\Desktop\\ecommerce-api\\src\\controllers\\product\\CreateProductController.ts": {"path":"C:\\Users\\danilo.brodrigues\\Desktop\\ecommerce-api\\src\\controllers\\product\\CreateProductController.ts","statementMap":{"0":{"start":{"line":2,"column":0},"end":{"line":2,"column":83}},"1":{"start":{"line":6,"column":4},"end":{"line":6,"column":68}},"2":{"start":{"line":6,"column":19},"end":{"line":6,"column":68}},"3":{"start":{"line":7,"column":33},"end":{"line":7,"column":41}},"4":{"start":{"line":9,"column":33},"end":{"line":9,"column":59}},"5":{"start":{"line":10,"column":20},"end":{"line":10,"column":78}},"6":{"start":{"line":12,"column":4},"end":{"line":12,"column":29}},"7":{"start":{"line":16,"column":9},"end":{"line":16,"column":32}}},"fnMap":{"0":{"name":"(anonymous_7)","decl":{"start":{"line":5,"column":8},"end":{"line":5,"column":14}},"loc":{"start":{"line":5,"column":42},"end":{"line":13,"column":null}}}},"branchMap":{"0":{"loc":{"start":{"line":6,"column":4},"end":{"line":6,"column":68}},"type":"if","locations":[{"start":{"line":6,"column":4},"end":{"line":6,"column":68}}]}},"s":{"0":1,"1":3,"2":1,"3":2,"4":2,"5":2,"6":2,"7":1},"f":{"0":3},"b":{"0":[1]}}
,"C:\\Users\\danilo.brodrigues\\Desktop\\ecommerce-api\\src\\controllers\\product\\ListByCategoryController.ts": {"path":"C:\\Users\\danilo.brodrigues\\Desktop\\ecommerce-api\\src\\controllers\\product\\ListByCategoryController.ts","statementMap":{"0":{"start":{"line":2,"column":0},"end":{"line":2,"column":85}},"1":{"start":{"line":6,"column":24},"end":{"line":6,"column":55}},"2":{"start":{"line":8,"column":27},"end":{"line":8,"column":54}},"3":{"start":{"line":9,"column":21},"end":{"line":9,"column":66}},"4":{"start":{"line":11,"column":4},"end":{"line":11,"column":30}},"5":{"start":{"line":15,"column":9},"end":{"line":15,"column":33}}},"fnMap":{"0":{"name":"(anonymous_7)","decl":{"start":{"line":5,"column":8},"end":{"line":5,"column":14}},"loc":{"start":{"line":5,"column":42},"end":{"line":12,"column":null}}}},"branchMap":{},"s":{"0":0,"1":0,"2":0,"3":0,"4":0,"5":0},"f":{"0":0},"b":{}}
,"C:\\Users\\danilo.brodrigues\\Desktop\\ecommerce-api\\src\\controllers\\user\\AuthUserController.ts": {"path":"C:\\Users\\danilo.brodrigues\\Desktop\\ecommerce-api\\src\\controllers\\user\\AuthUserController.ts","statementMap":{"0":{"start":{"line":2,"column":0},"end":{"line":2,"column":70}},"1":{"start":{"line":10,"column":32},"end":{"line":10,"column":40}},"2":{"start":{"line":12,"column":28},"end":{"line":12,"column":49}},"3":{"start":{"line":13,"column":17},"end":{"line":13,"column":72}},"4":{"start":{"line":15,"column":4},"end":{"line":15,"column":26}},"5":{"start":{"line":8,"column":0},"end":{"line":8,"column":13}}},"fnMap":{"0":{"name":"(anonymous_7)","decl":{"start":{"line":9,"column":8},"end":{"line":9,"column":20}},"loc":{"start":{"line":9,"column":48},"end":{"line":16,"column":null}}}},"branchMap":{},"s":{"0":1,"1":3,"2":3,"3":3,"4":3,"5":1},"f":{"0":3},"b":{}}
,"C:\\Users\\danilo.brodrigues\\Desktop\\ecommerce-api\\src\\controllers\\user\\CreateUserController.ts": {"path":"C:\\Users\\danilo.brodrigues\\Desktop\\ecommerce-api\\src\\controllers\\user\\CreateUserController.ts","statementMap":{"0":{"start":{"line":2,"column":0},"end":{"line":2,"column":32}},"1":{"start":{"line":3,"column":0},"end":{"line":3,"column":74}},"2":{"start":{"line":8,"column":38},"end":{"line":8,"column":46}},"3":{"start":{"line":10,"column":25},"end":{"line":10,"column":48}},"4":{"start":{"line":12,"column":30},"end":{"line":12,"column":53}},"5":{"start":{"line":13,"column":17},"end":{"line":13,"column":88}},"6":{"start":{"line":15,"column":4},"end":{"line":15,"column":26}},"7":{"start":{"line":6,"column":0},"end":{"line":6,"column":13}}},"fnMap":{"0":{"name":"(anonymous_7)","decl":{"start":{"line":7,"column":8},"end":{"line":7,"column":14}},"loc":{"start":{"line":7,"column":42},"end":{"line":16,"column":null}}}},"branchMap":{},"s":{"0":0,"1":0,"2":0,"3":0,"4":0,"5":0,"6":0,"7":0},"f":{"0":0},"b":{}}
,"C:\\Users\\danilo.brodrigues\\Desktop\\ecommerce-api\\src\\middlewares\\getImagesFolderName.ts": {"path":"C:\\Users\\danilo.brodrigues\\Desktop\\ecommerce-api\\src\\middlewares\\getImagesFolderName.ts","statementMap":{"0":{"start":{"line":1,"column":0},"end":{"line":1,"column":37}},"1":{"start":{"line":4,"column":19},"end":{"line":4,"column":21}},"2":{"start":{"line":5,"column":19},"end":{"line":9,"column":4}},"3":{"start":{"line":11,"column":2},"end":{"line":13,"column":null}},"4":{"start":{"line":12,"column":4},"end":{"line":12,"column":32}},"5":{"start":{"line":15,"column":2},"end":{"line":15,"column":20}},"6":{"start":{"line":3,"column":0},"end":{"line":3,"column":22}}},"fnMap":{"0":{"name":"getFolderName","decl":{"start":{"line":3,"column":22},"end":{"line":3,"column":35}},"loc":{"start":{"line":3,"column":55},"end":{"line":16,"column":null}}}},"branchMap":{"0":{"loc":{"start":{"line":11,"column":2},"end":{"line":13,"column":null}},"type":"if","locations":[{"start":{"line":11,"column":2},"end":{"line":13,"column":null}}]},"1":{"loc":{"start":{"line":12,"column":17},"end":{"line":12,"column":31}},"type":"cond-expr","locations":[{"start":{"line":12,"column":25},"end":{"line":12,"column":27}},{"start":{"line":12,"column":17},"end":{"line":12,"column":31}}]},"2":{"loc":{"start":{"line":12,"column":17},"end":{"line":12,"column":27}},"type":"binary-expr","locations":[{"start":{"line":12,"column":17},"end":{"line":12,"column":27}},{"start":{"line":12,"column":17},"end":{"line":12,"column":27}}]}},"s":{"0":0,"1":0,"2":0,"3":0,"4":0,"5":0,"6":0},"f":{"0":0},"b":{"0":[0],"1":[0,0],"2":[0,0]}}
,"C:\\Users\\danilo.brodrigues\\Desktop\\ecommerce-api\\src\\middlewares\\auth\\isAuthenticated.ts": {"path":"C:\\Users\\danilo.brodrigues\\Desktop\\ecommerce-api\\src\\middlewares\\auth\\isAuthenticated.ts","statementMap":{"0":{"start":{"line":2,"column":0},"end":{"line":2,"column":38}},"1":{"start":{"line":9,"column":29},"end":{"line":9,"column":51}},"2":{"start":{"line":10,"column":2},"end":{"line":10,"column":39}},"3":{"start":{"line":10,"column":27},"end":{"line":10,"column":39}},"4":{"start":{"line":13,"column":20},"end":{"line":13,"column":45}},"5":{"start":{"line":14,"column":2},"end":{"line":14,"column":79}},"6":{"start":{"line":14,"column":18},"end":{"line":14,"column":79}},"7":{"start":{"line":16,"column":20},"end":{"line":16,"column":40}},"8":{"start":{"line":18,"column":2},"end":{"line":26,"column":null}},"9":{"start":{"line":20,"column":20},"end":{"line":20,"column":64}},"10":{"start":{"line":21,"column":4},"end":{"line":21,"column":22}},"11":{"start":{"line":23,"column":4},"end":{"line":23,"column":11}},"12":{"start":{"line":25,"column":4},"end":{"line":25,"column":33}},"13":{"start":{"line":8,"column":0},"end":{"line":8,"column":16}}},"fnMap":{"0":{"name":"isAuthenticated","decl":{"start":{"line":8,"column":16},"end":{"line":8,"column":31}},"loc":{"start":{"line":8,"column":79},"end":{"line":27,"column":1}}}},"branchMap":{"0":{"loc":{"start":{"line":10,"column":2},"end":{"line":10,"column":39}},"type":"if","locations":[{"start":{"line":10,"column":2},"end":{"line":10,"column":39}}]},"1":{"loc":{"start":{"line":14,"column":2},"end":{"line":14,"column":79}},"type":"if","locations":[{"start":{"line":14,"column":2},"end":{"line":14,"column":79}}]}},"s":{"0":0,"1":0,"2":0,"3":0,"4":0,"5":0,"6":0,"7":0,"8":0,"9":0,"10":0,"11":0,"12":0,"13":0},"f":{"0":0},"b":{"0":[0],"1":[0]}}
,"C:\\Users\\danilo.brodrigues\\Desktop\\ecommerce-api\\src\\middlewares\\auth\\validation\\validateUserAuthentication.ts": {"path":"C:\\Users\\danilo.brodrigues\\Desktop\\ecommerce-api\\src\\middlewares\\auth\\validation\\validateUserAuthentication.ts","statementMap":{"0":{"start":{"line":2,"column":0},"end":{"line":2,"column":35}},"1":{"start":{"line":3,"column":0},"end":{"line":3,"column":75}},"2":{"start":{"line":7,"column":32},"end":{"line":7,"column":40}},"3":{"start":{"line":8,"column":4},"end":{"line":8,"column":74}},"4":{"start":{"line":8,"column":16},"end":{"line":8,"column":74}},"5":{"start":{"line":9,"column":4},"end":{"line":9,"column":77}},"6":{"start":{"line":9,"column":19},"end":{"line":9,"column":77}},"7":{"start":{"line":11,"column":22},"end":{"line":11,"column":44}},"8":{"start":{"line":12,"column":17},"end":{"line":12,"column":56}},"9":{"start":{"line":13,"column":4},"end":{"line":13,"column":81}},"10":{"start":{"line":13,"column":15},"end":{"line":13,"column":81}},"11":{"start":{"line":15,"column":26},"end":{"line":15,"column":64}},"12":{"start":{"line":16,"column":4},"end":{"line":16,"column":86}},"13":{"start":{"line":16,"column":24},"end":{"line":16,"column":86}},"14":{"start":{"line":18,"column":4},"end":{"line":18,"column":30}},"15":{"start":{"line":19,"column":4},"end":{"line":19,"column":26}},"16":{"start":{"line":20,"column":4},"end":{"line":20,"column":11}},"17":{"start":{"line":5,"column":0},"end":{"line":5,"column":13}}},"fnMap":{"0":{"name":"(anonymous_7)","decl":{"start":{"line":6,"column":8},"end":{"line":6,"column":16}},"loc":{"start":{"line":6,"column":64},"end":{"line":21,"column":null}}}},"branchMap":{"0":{"loc":{"start":{"line":8,"column":4},"end":{"line":8,"column":74}},"type":"if","locations":[{"start":{"line":8,"column":4},"end":{"line":8,"column":74}}]},"1":{"loc":{"start":{"line":9,"column":4},"end":{"line":9,"column":77}},"type":"if","locations":[{"start":{"line":9,"column":4},"end":{"line":9,"column":77}}]},"2":{"loc":{"start":{"line":13,"column":4},"end":{"line":13,"column":81}},"type":"if","locations":[{"start":{"line":13,"column":4},"end":{"line":13,"column":81}}]},"3":{"loc":{"start":{"line":16,"column":4},"end":{"line":16,"column":86}},"type":"if","locations":[{"start":{"line":16,"column":4},"end":{"line":16,"column":86}}]}},"s":{"0":1,"1":1,"2":6,"3":6,"4":1,"5":5,"6":1,"7":4,"8":4,"9":4,"10":2,"11":2,"12":2,"13":2,"14":0,"15":0,"16":0,"17":1},"f":{"0":6},"b":{"0":[1],"1":[1],"2":[2],"3":[2]}}
,"C:\\Users\\danilo.brodrigues\\Desktop\\ecommerce-api\\src\\middlewares\\crud\\validation\\CheckUserCart.ts": {"path":"C:\\Users\\danilo.brodrigues\\Desktop\\ecommerce-api\\src\\middlewares\\crud\\validation\\CheckUserCart.ts","statementMap":{"0":{"start":{"line":2,"column":0},"end":{"line":2,"column":43}},"1":{"start":{"line":3,"column":0},"end":{"line":3,"column":77}},"2":{"start":{"line":7,"column":20},"end":{"line":7,"column":31}},"3":{"start":{"line":10,"column":17},"end":{"line":10,"column":104}},"4":{"start":{"line":12,"column":19},"end":{"line":12,"column":29}},"5":{"start":{"line":14,"column":4},"end":{"line":17,"column":null}},"6":{"start":{"line":15,"column":32},"end":{"line":15,"column":55}},"7":{"start":{"line":16,"column":6},"end":{"line":16,"column":61}},"8":{"start":{"line":19,"column":4},"end":{"line":19,"column":35}},"9":{"start":{"line":20,"column":4},"end":{"line":20,"column":11}},"10":{"start":{"line":5,"column":0},"end":{"line":5,"column":13}}},"fnMap":{"0":{"name":"(anonymous_8)","decl":{"start":{"line":6,"column":8},"end":{"line":6,"column":13}},"loc":{"start":{"line":6,"column":61},"end":{"line":21,"column":null}}}},"branchMap":{"0":{"loc":{"start":{"line":12,"column":19},"end":{"line":12,"column":29}},"type":"cond-expr","locations":[{"start":{"line":12,"column":23},"end":{"line":12,"column":25}},{"start":{"line":12,"column":19},"end":{"line":12,"column":29}}]},"1":{"loc":{"start":{"line":12,"column":19},"end":{"line":12,"column":25}},"type":"binary-expr","locations":[{"start":{"line":12,"column":19},"end":{"line":12,"column":25}},{"start":{"line":12,"column":19},"end":{"line":12,"column":25}}]},"2":{"loc":{"start":{"line":14,"column":4},"end":{"line":17,"column":null}},"type":"if","locations":[{"start":{"line":14,"column":4},"end":{"line":17,"column":null}}]}},"s":{"0":1,"1":1,"2":1,"3":1,"4":1,"5":1,"6":1,"7":1,"8":1,"9":1,"10":1},"f":{"0":1},"b":{"0":[1,0],"1":[1,1],"2":[1]}}
,"C:\\Users\\danilo.brodrigues\\Desktop\\ecommerce-api\\src\\middlewares\\crud\\validation\\validateRegister.ts": {"path":"C:\\Users\\danilo.brodrigues\\Desktop\\ecommerce-api\\src\\middlewares\\crud\\validation\\validateRegister.ts","statementMap":{"0":{"start":{"line":2,"column":0},"end":{"line":2,"column":61}},"1":{"start":{"line":3,"column":0},"end":{"line":3,"column":59}},"2":{"start":{"line":4,"column":0},"end":{"line":4,"column":67}},"3":{"start":{"line":8,"column":38},"end":{"line":8,"column":46}},"4":{"start":{"line":11,"column":24},"end":{"line":11,"column":65}},"5":{"start":{"line":12,"column":23},"end":{"line":12,"column":58}},"6":{"start":{"line":13,"column":27},"end":{"line":13,"column":69}},"7":{"start":{"line":16,"column":56},"end":{"line":16,"column":58}},"8":{"start":{"line":18,"column":4},"end":{"line":20,"column":null}},"9":{"start":{"line":19,"column":6},"end":{"line":19,"column":41}},"10":{"start":{"line":22,"column":4},"end":{"line":24,"column":null}},"11":{"start":{"line":23,"column":6},"end":{"line":23,"column":43}},"12":{"start":{"line":26,"column":4},"end":{"line":28,"column":null}},"13":{"start":{"line":27,"column":6},"end":{"line":27,"column":49}},"14":{"start":{"line":30,"column":4},"end":{"line":32,"column":null}},"15":{"start":{"line":31,"column":6},"end":{"line":31,"column":52}},"16":{"start":{"line":34,"column":4},"end":{"line":34,"column":18}},"17":{"start":{"line":6,"column":0},"end":{"line":6,"column":13}}},"fnMap":{"0":{"name":"(anonymous_7)","decl":{"start":{"line":7,"column":8},"end":{"line":7,"column":16}},"loc":{"start":{"line":7,"column":64},"end":{"line":35,"column":null}}}},"branchMap":{"0":{"loc":{"start":{"line":18,"column":4},"end":{"line":20,"column":null}},"type":"if","locations":[{"start":{"line":18,"column":4},"end":{"line":20,"column":null}}]},"1":{"loc":{"start":{"line":22,"column":4},"end":{"line":24,"column":null}},"type":"if","locations":[{"start":{"line":22,"column":4},"end":{"line":24,"column":null}}]},"2":{"loc":{"start":{"line":26,"column":4},"end":{"line":28,"column":null}},"type":"if","locations":[{"start":{"line":26,"column":4},"end":{"line":28,"column":null}}]},"3":{"loc":{"start":{"line":30,"column":4},"end":{"line":32,"column":null}},"type":"if","locations":[{"start":{"line":30,"column":4},"end":{"line":32,"column":null}}]}},"s":{"0":0,"1":0,"2":0,"3":0,"4":0,"5":0,"6":0,"7":0,"8":0,"9":0,"10":0,"11":0,"12":0,"13":0,"14":0,"15":0,"16":0,"17":0},"f":{"0":0},"b":{"0":[0],"1":[0],"2":[0],"3":[0]}}
,"C:\\Users\\danilo.brodrigues\\Desktop\\ecommerce-api\\src\\middlewares\\fields\\emailValidator.ts": {"path":"C:\\Users\\danilo.brodrigues\\Desktop\\ecommerce-api\\src\\middlewares\\fields\\emailValidator.ts","statementMap":{"0":{"start":{"line":1,"column":0},"end":{"line":1,"column":44}},"1":{"start":{"line":3,"column":0},"end":{"line":3,"column":72}},"2":{"start":{"line":12,"column":4},"end":{"line":12,"column":59}},"3":{"start":{"line":12,"column":16},"end":{"line":12,"column":59}},"4":{"start":{"line":14,"column":4},"end":{"line":14,"column":50}},"5":{"start":{"line":14,"column":25},"end":{"line":14,"column":50}},"6":{"start":{"line":16,"column":35},"end":{"line":16,"column":57}},"7":{"start":{"line":17,"column":30},"end":{"line":17,"column":86}},"8":{"start":{"line":18,"column":4},"end":{"line":18,"column":70}},"9":{"start":{"line":18,"column":27},"end":{"line":18,"column":70}},"10":{"start":{"line":20,"column":4},"end":{"line":20,"column":14}},"11":{"start":{"line":9,"column":0},"end":{"line":9,"column":13}}},"fnMap":{"0":{"name":"(anonymous_8)","decl":{"start":{"line":10,"column":8},"end":{"line":10,"column":16}},"loc":{"start":{"line":10,"column":39},"end":{"line":21,"column":null}}}},"branchMap":{"0":{"loc":{"start":{"line":12,"column":4},"end":{"line":12,"column":59}},"type":"if","locations":[{"start":{"line":12,"column":4},"end":{"line":12,"column":59}}]},"1":{"loc":{"start":{"line":14,"column":4},"end":{"line":14,"column":50}},"type":"if","locations":[{"start":{"line":14,"column":4},"end":{"line":14,"column":50}}]},"2":{"loc":{"start":{"line":18,"column":4},"end":{"line":18,"column":70}},"type":"if","locations":[{"start":{"line":18,"column":4},"end":{"line":18,"column":70}}]}},"s":{"0":0,"1":0,"2":0,"3":0,"4":0,"5":0,"6":0,"7":0,"8":0,"9":0,"10":0,"11":0},"f":{"0":0},"b":{"0":[0],"1":[0],"2":[0]}}
,"C:\\Users\\danilo.brodrigues\\Desktop\\ecommerce-api\\src\\middlewares\\fields\\nameValidator.ts": {"path":"C:\\Users\\danilo.brodrigues\\Desktop\\ecommerce-api\\src\\middlewares\\fields\\nameValidator.ts","statementMap":{"0":{"start":{"line":5,"column":4},"end":{"line":7,"column":null}},"1":{"start":{"line":6,"column":6},"end":{"line":6,"column":48}},"2":{"start":{"line":8,"column":4},"end":{"line":10,"column":null}},"3":{"start":{"line":9,"column":6},"end":{"line":9,"column":56}},"4":{"start":{"line":11,"column":4},"end":{"line":11,"column":14}},"5":{"start":{"line":3,"column":0},"end":{"line":3,"column":13}}},"fnMap":{"0":{"name":"(anonymous_0)","decl":{"start":{"line":4,"column":2},"end":{"line":4,"column":10}},"loc":{"start":{"line":4,"column":23},"end":{"line":12,"column":3}}}},"branchMap":{"0":{"loc":{"start":{"line":5,"column":4},"end":{"line":7,"column":null}},"type":"if","locations":[{"start":{"line":5,"column":4},"end":{"line":7,"column":null}}]},"1":{"loc":{"start":{"line":8,"column":4},"end":{"line":10,"column":null}},"type":"if","locations":[{"start":{"line":8,"column":4},"end":{"line":10,"column":null}}]}},"s":{"0":0,"1":0,"2":0,"3":0,"4":0,"5":0},"f":{"0":0},"b":{"0":[0],"1":[0]}}
,"C:\\Users\\danilo.brodrigues\\Desktop\\ecommerce-api\\src\\middlewares\\fields\\passwordValidator.ts": {"path":"C:\\Users\\danilo.brodrigues\\Desktop\\ecommerce-api\\src\\middlewares\\fields\\passwordValidator.ts","statementMap":{"0":{"start":{"line":5,"column":4},"end":{"line":7,"column":null}},"1":{"start":{"line":6,"column":6},"end":{"line":6,"column":49}},"2":{"start":{"line":8,"column":4},"end":{"line":10,"column":null}},"3":{"start":{"line":9,"column":6},"end":{"line":9,"column":57}},"4":{"start":{"line":11,"column":4},"end":{"line":11,"column":14}},"5":{"start":{"line":3,"column":0},"end":{"line":3,"column":13}}},"fnMap":{"0":{"name":"(anonymous_0)","decl":{"start":{"line":4,"column":2},"end":{"line":4,"column":10}},"loc":{"start":{"line":4,"column":27},"end":{"line":12,"column":3}}}},"branchMap":{"0":{"loc":{"start":{"line":5,"column":4},"end":{"line":7,"column":null}},"type":"if","locations":[{"start":{"line":5,"column":4},"end":{"line":7,"column":null}}]},"1":{"loc":{"start":{"line":8,"column":4},"end":{"line":10,"column":null}},"type":"if","locations":[{"start":{"line":8,"column":4},"end":{"line":10,"column":null}}]}},"s":{"0":0,"1":0,"2":0,"3":0,"4":0,"5":0},"f":{"0":0},"b":{"0":[0],"1":[0]}}
,"C:\\Users\\danilo.brodrigues\\Desktop\\ecommerce-api\\src\\prisma\\index.ts": {"path":"C:\\Users\\danilo.brodrigues\\Desktop\\ecommerce-api\\src\\prisma\\index.ts","statementMap":{"0":{"start":{"line":1,"column":0},"end":{"line":1,"column":46}},"1":{"start":{"line":3,"column":21},"end":{"line":3,"column":39}},"2":{"start":{"line":5,"column":0},"end":{"line":5,"column":28}}},"fnMap":{},"branchMap":{},"s":{"0":0,"1":0,"2":0},"f":{},"b":{}}
,"C:\\Users\\danilo.brodrigues\\Desktop\\ecommerce-api\\src\\services\\address\\CreateAddressService.ts": {"path":"C:\\Users\\danilo.brodrigues\\Desktop\\ecommerce-api\\src\\services\\address\\CreateAddressService.ts","statementMap":{"0":{"start":{"line":3,"column":0},"end":{"line":3,"column":40}},"1":{"start":{"line":18,"column":21},"end":{"line":18,"column":70}},"2":{"start":{"line":20,"column":4},"end":{"line":20,"column":20}},"3":{"start":{"line":16,"column":0},"end":{"line":16,"column":13}}},"fnMap":{"0":{"name":"(anonymous_8)","decl":{"start":{"line":17,"column":8},"end":{"line":17,"column":14}},"loc":{"start":{"line":17,"column":32},"end":{"line":21,"column":null}}}},"branchMap":{},"s":{"0":0,"1":0,"2":0,"3":0},"f":{"0":0},"b":{}}
,"C:\\Users\\danilo.brodrigues\\Desktop\\ecommerce-api\\src\\services\\cart\\AddItemService.ts": {"path":"C:\\Users\\danilo.brodrigues\\Desktop\\ecommerce-api\\src\\services\\cart\\AddItemService.ts","statementMap":{"0":{"start":{"line":3,"column":0},"end":{"line":3,"column":40}},"1":{"start":{"line":13,"column":17},"end":{"line":13,"column":90}},"2":{"start":{"line":15,"column":4},"end":{"line":15,"column":16}},"3":{"start":{"line":19,"column":9},"end":{"line":19,"column":23}}},"fnMap":{"0":{"name":"(anonymous_8)","decl":{"start":{"line":12,"column":8},"end":{"line":12,"column":14}},"loc":{"start":{"line":12,"column":59},"end":{"line":16,"column":null}}}},"branchMap":{},"s":{"0":1,"1":2,"2":2,"3":1},"f":{"0":2},"b":{}}
,"C:\\Users\\danilo.brodrigues\\Desktop\\ecommerce-api\\src\\services\\cart\\CreateCartService.ts": {"path":"C:\\Users\\danilo.brodrigues\\Desktop\\ecommerce-api\\src\\services\\cart\\CreateCartService.ts","statementMap":{"0":{"start":{"line":1,"column":0},"end":{"line":1,"column":40}},"1":{"start":{"line":11,"column":17},"end":{"line":11,"column":97}},"2":{"start":{"line":13,"column":4},"end":{"line":13,"column":16}},"3":{"start":{"line":17,"column":9},"end":{"line":17,"column":26}}},"fnMap":{"0":{"name":"(anonymous_8)","decl":{"start":{"line":10,"column":8},"end":{"line":10,"column":14}},"loc":{"start":{"line":10,"column":39},"end":{"line":14,"column":null}}}},"branchMap":{},"s":{"0":1,"1":1,"2":1,"3":1},"f":{"0":1},"b":{}}
,"C:\\Users\\danilo.brodrigues\\Desktop\\ecommerce-api\\src\\services\\cart\\DeleteCartService.ts": {"path":"C:\\Users\\danilo.brodrigues\\Desktop\\ecommerce-api\\src\\services\\cart\\DeleteCartService.ts","statementMap":{"0":{"start":{"line":3,"column":0},"end":{"line":3,"column":40}},"1":{"start":{"line":11,"column":17},"end":{"line":11,"column":75}},"2":{"start":{"line":13,"column":4},"end":{"line":13,"column":16}},"3":{"start":{"line":17,"column":9},"end":{"line":17,"column":26}}},"fnMap":{"0":{"name":"(anonymous_8)","decl":{"start":{"line":10,"column":8},"end":{"line":10,"column":14}},"loc":{"start":{"line":10,"column":39},"end":{"line":14,"column":null}}}},"branchMap":{},"s":{"0":1,"1":2,"2":2,"3":1},"f":{"0":2},"b":{}}
,"C:\\Users\\danilo.brodrigues\\Desktop\\ecommerce-api\\src\\services\\cart\\DetailCartService.ts": {"path":"C:\\Users\\danilo.brodrigues\\Desktop\\ecommerce-api\\src\\services\\cart\\DetailCartService.ts","statementMap":{"0":{"start":{"line":1,"column":0},"end":{"line":1,"column":40}},"1":{"start":{"line":9,"column":17},"end":{"line":9,"column":122}},"2":{"start":{"line":11,"column":4},"end":{"line":11,"column":16}},"3":{"start":{"line":15,"column":9},"end":{"line":15,"column":26}}},"fnMap":{"0":{"name":"(anonymous_8)","decl":{"start":{"line":8,"column":8},"end":{"line":8,"column":15}},"loc":{"start":{"line":8,"column":42},"end":{"line":12,"column":null}}}},"branchMap":{},"s":{"0":0,"1":0,"2":0,"3":0},"f":{"0":0},"b":{}}
,"C:\\Users\\danilo.brodrigues\\Desktop\\ecommerce-api\\src\\services\\cart\\RemoveItemService.ts": {"path":"C:\\Users\\danilo.brodrigues\\Desktop\\ecommerce-api\\src\\services\\cart\\RemoveItemService.ts","statementMap":{"0":{"start":{"line":1,"column":0},"end":{"line":1,"column":40}},"1":{"start":{"line":9,"column":17},"end":{"line":9,"column":75}},"2":{"start":{"line":11,"column":4},"end":{"line":11,"column":16}},"3":{"start":{"line":15,"column":9},"end":{"line":15,"column":26}}},"fnMap":{"0":{"name":"(anonymous_8)","decl":{"start":{"line":8,"column":8},"end":{"line":8,"column":15}},"loc":{"start":{"line":8,"column":40},"end":{"line":12,"column":null}}}},"branchMap":{},"s":{"0":0,"1":0,"2":0,"3":0},"f":{"0":0},"b":{}}
,"C:\\Users\\danilo.brodrigues\\Desktop\\ecommerce-api\\src\\services\\category\\CreateCategoryService.ts": {"path":"C:\\Users\\danilo.brodrigues\\Desktop\\ecommerce-api\\src\\services\\category\\CreateCategoryService.ts","statementMap":{"0":{"start":{"line":2,"column":0},"end":{"line":2,"column":40}},"1":{"start":{"line":10,"column":21},"end":{"line":10,"column":115}},"2":{"start":{"line":12,"column":4},"end":{"line":12,"column":20}},"3":{"start":{"line":15,"column":9},"end":{"line":15,"column":30}}},"fnMap":{"0":{"name":"(anonymous_8)","decl":{"start":{"line":9,"column":8},"end":{"line":9,"column":14}},"loc":{"start":{"line":9,"column":36},"end":{"line":13,"column":null}}}},"branchMap":{},"s":{"0":1,"1":2,"2":2,"3":1},"f":{"0":2},"b":{}}
,"C:\\Users\\danilo.brodrigues\\Desktop\\ecommerce-api\\src\\services\\category\\ListCategoryService.ts": {"path":"C:\\Users\\danilo.brodrigues\\Desktop\\ecommerce-api\\src\\services\\category\\ListCategoryService.ts","statementMap":{"0":{"start":{"line":1,"column":0},"end":{"line":1,"column":40}},"1":{"start":{"line":5,"column":21},"end":{"line":5,"column":95}},"2":{"start":{"line":7,"column":4},"end":{"line":7,"column":20}},"3":{"start":{"line":11,"column":9},"end":{"line":11,"column":28}}},"fnMap":{"0":{"name":"(anonymous_8)","decl":{"start":{"line":4,"column":8},"end":{"line":4,"column":15}},"loc":{"start":{"line":4,"column":15},"end":{"line":8,"column":null}}}},"branchMap":{},"s":{"0":0,"1":0,"2":0,"3":0},"f":{"0":0},"b":{}}
,"C:\\Users\\danilo.brodrigues\\Desktop\\ecommerce-api\\src\\services\\product\\CreateProductService.ts": {"path":"C:\\Users\\danilo.brodrigues\\Desktop\\ecommerce-api\\src\\services\\product\\CreateProductService.ts","statementMap":{"0":{"start":{"line":3,"column":0},"end":{"line":3,"column":40}},"1":{"start":{"line":7,"column":20},"end":{"line":7,"column":114}},"2":{"start":{"line":9,"column":4},"end":{"line":9,"column":19}},"3":{"start":{"line":13,"column":9},"end":{"line":13,"column":29}}},"fnMap":{"0":{"name":"(anonymous_8)","decl":{"start":{"line":6,"column":8},"end":{"line":6,"column":14}},"loc":{"start":{"line":6,"column":73},"end":{"line":10,"column":null}}}},"branchMap":{},"s":{"0":1,"1":2,"2":2,"3":1},"f":{"0":2},"b":{}}
,"C:\\Users\\danilo.brodrigues\\Desktop\\ecommerce-api\\src\\services\\product\\ListByCategoryService.ts": {"path":"C:\\Users\\danilo.brodrigues\\Desktop\\ecommerce-api\\src\\services\\product\\ListByCategoryService.ts","statementMap":{"0":{"start":{"line":1,"column":0},"end":{"line":1,"column":40}},"1":{"start":{"line":9,"column":27},"end":{"line":9,"column":103}},"2":{"start":{"line":11,"column":4},"end":{"line":11,"column":26}},"3":{"start":{"line":15,"column":9},"end":{"line":15,"column":30}}},"fnMap":{"0":{"name":"(anonymous_8)","decl":{"start":{"line":8,"column":8},"end":{"line":8,"column":15}},"loc":{"start":{"line":8,"column":47},"end":{"line":12,"column":null}}}},"branchMap":{},"s":{"0":0,"1":0,"2":0,"3":0},"f":{"0":0},"b":{}}
,"C:\\Users\\danilo.brodrigues\\Desktop\\ecommerce-api\\src\\services\\user\\AuthUserService.ts": {"path":"C:\\Users\\danilo.brodrigues\\Desktop\\ecommerce-api\\src\\services\\user\\AuthUserService.ts","statementMap":{"0":{"start":{"line":1,"column":0},"end":{"line":1,"column":36}},"1":{"start":{"line":19,"column":32},"end":{"line":19,"column":36}},"2":{"start":{"line":20,"column":31},"end":{"line":20,"column":53}},"3":{"start":{"line":21,"column":4},"end":{"line":21,"column":68}},"4":{"start":{"line":21,"column":29},"end":{"line":21,"column":68}},"5":{"start":{"line":24,"column":18},"end":{"line":24,"column":107}},"6":{"start":{"line":26,"column":4},"end":{"line":26,"column":37}},"7":{"start":{"line":17,"column":0},"end":{"line":17,"column":13}}},"fnMap":{"0":{"name":"(anonymous_7)","decl":{"start":{"line":18,"column":8},"end":{"line":18,"column":20}},"loc":{"start":{"line":18,"column":38},"end":{"line":27,"column":null}}}},"branchMap":{"0":{"loc":{"start":{"line":21,"column":4},"end":{"line":21,"column":68}},"type":"if","locations":[{"start":{"line":21,"column":4},"end":{"line":21,"column":68}}]}},"s":{"0":1,"1":3,"2":3,"3":3,"4":3,"5":0,"6":0,"7":1},"f":{"0":3},"b":{"0":[3]}}
,"C:\\Users\\danilo.brodrigues\\Desktop\\ecommerce-api\\src\\services\\user\\CreateUserService.ts": {"path":"C:\\Users\\danilo.brodrigues\\Desktop\\ecommerce-api\\src\\services\\user\\CreateUserService.ts","statementMap":{"0":{"start":{"line":1,"column":0},"end":{"line":1,"column":40}},"1":{"start":{"line":18,"column":17},"end":{"line":21,"column":6}},"2":{"start":{"line":23,"column":4},"end":{"line":23,"column":16}},"3":{"start":{"line":16,"column":0},"end":{"line":16,"column":13}}},"fnMap":{"0":{"name":"(anonymous_8)","decl":{"start":{"line":17,"column":8},"end":{"line":17,"column":14}},"loc":{"start":{"line":17,"column":53},"end":{"line":24,"column":null}}}},"branchMap":{},"s":{"0":1,"1":3,"2":3,"3":1},"f":{"0":3},"b":{}}
,"C:\\Users\\danilo.brodrigues\\Desktop\\ecommerce-api\\src\\services\\user\\QueryUserService.ts": {"path":"C:\\Users\\danilo.brodrigues\\Desktop\\ecommerce-api\\src\\services\\user\\QueryUserService.ts","statementMap":{"0":{"start":{"line":3,"column":0},"end":{"line":3,"column":40}},"1":{"start":{"line":11,"column":30},"end":{"line":11,"column":92}},"2":{"start":{"line":13,"column":4},"end":{"line":13,"column":29}},"3":{"start":{"line":9,"column":0},"end":{"line":9,"column":13}}},"fnMap":{"0":{"name":"(anonymous_8)","decl":{"start":{"line":10,"column":8},"end":{"line":10,"column":24}},"loc":{"start":{"line":10,"column":48},"end":{"line":14,"column":null}}}},"branchMap":{},"s":{"0":1,"1":4,"2":4,"3":1},"f":{"0":4},"b":{}}
}
